
> @saudi-leaks/admin@0.1.0 build
> next build

▲ Next.js 16.2.3 (Turbopack)
- Environments: .env.local

  Creating an optimized production build ...
✓ Compiled successfully in 13.0s
  Running TypeScript ...
  Finished TypeScript in 8.2s ...
  Collecting page data using 7 workers ...
  Generating static pages using 7 workers (0/8) ...
  Generating static pages using 7 workers (2/8) 
  Generating static pages using 7 workers (4/8) 
  Generating static pages using 7 workers (6/8) 
✓ Generating static pages using 7 workers (8/8) in 521ms
  Finalizing page optimization ...

Route (app)
┌ ○ /_not-found
├ ƒ /admin
├ ƒ /admin/articles
├ ƒ /admin/articles/[id]
├ ƒ /admin/articles/new
├ ƒ /admin/services
├ ƒ /admin/services/[id]
├ ƒ /admin/services/new
└ ○ /login


ƒ Proxy (Middleware)

○  (Static)   prerendered as static content
ƒ  (Dynamic)  server-rendered on demand

