
> @saudi-leaks/web@0.1.0 build
> next build

▲ Next.js 16.2.3 (Turbopack)
- Environments: .env.local

  Creating an optimized production build ...
✓ Compiled successfully in 9.8s
  Running TypeScript ...
  Finished TypeScript in 8.8s ...
  Collecting page data using 7 workers ...
  Generating static pages using 7 workers (0/17) ...
  Generating static pages using 7 workers (4/17) 
  Generating static pages using 7 workers (8/17) 
  Generating static pages using 7 workers (12/17) 
✓ Generating static pages using 7 workers (17/17) in 1432ms
  Finalizing page optimization ...

Route (app)
┌ ƒ /
├ ○ /_not-found
├ ƒ /articles
├ ƒ /articles/[slug]
├ ○ /robots.txt
├ ƒ /services
├ ƒ /services/[slug]
└ ○ /sitemap.xml


○  (Static)   prerendered as static content
ƒ  (Dynamic)  server-rendered on demand

